0 info it worked if it ends with ok
1 verbose cli [ '/usr/bin/node', '/usr/bin/npm', 'start' ]
2 info using npm@1.4.28
3 info using node@v0.10.38
4 verbose node symlink /usr/bin/node
5 verbose run-script [ 'prestart', 'start', 'poststart' ]
6 info prestart express-resource_example@0.0.1
7 info start express-resource_example@0.0.1
8 verbose unsafe-perm in lifecycle true
9 info express-resource_example@0.0.1 Failed to exec start script
10 error express-resource_example@0.0.1 start: `node app`
10 error Exit status 8
11 error Failed at the express-resource_example@0.0.1 start script.
11 error This is most likely a problem with the express-resource_example package,
11 error not with npm itself.
11 error Tell the author that this fails on your system:
11 error     node app
11 error You can get their info via:
11 error     npm owner ls express-resource_example
11 error There is likely additional logging output above.
12 error System Linux 3.16.0-4-686-pae
13 error command "/usr/bin/node" "/usr/bin/npm" "start"
14 error cwd /home/dvp/public_html/nodejs_tutorial/express-resource_example
15 error node -v v0.10.38
16 error npm -v 1.4.28
17 error code ELIFECYCLE
18 verbose exit [ 1, true ]
